#
# There is insufficient memory for the Java Runtime Environment to continue.
# Native memory allocation (malloc) failed to allocate 2264976 bytes for Chunk::new
# Possible reasons:
#   The system is out of physical RAM or swap space
#   The process is running with CompressedOops enabled, and the Java Heap may be blocking the growth of the native heap
# Possible solutions:
#   Reduce memory load on the system
#   Increase physical memory or swap space
#   Check if swap backing store is full
#   Decrease Java heap size (-Xmx/-Xms)
#   Decrease number of Java threads
#   Decrease Java thread stack sizes (-Xss)
#   Set larger code cache with -XX:ReservedCodeCacheSize=
#   JVM is running with Unscaled Compressed Oops mode in which the Java heap is
#     placed in the first 4GB address space. The Java Heap base address is the
#     maximum limit for the native heap growth. Please use -XX:HeapBaseMinAddress
#     to set the Java Heap base and to place the Java Heap above 4GB virtual address.
# This output file may be truncated or incomplete.
#
#  Out of Memory Error (allocation.cpp:389), pid=11232, tid=0x0000000000002858
#
# JRE version: OpenJDK Runtime Environment (8.0_242-b01) (build 1.8.0_242-release-1644-b01)
# Java VM: OpenJDK 64-Bit Server VM (25.242-b01 mixed mode windows-amd64 compressed oops)
# Failed to write core dump. Minidumps are not enabled by default on client versions of Windows
#

---------------  T H R E A D  ---------------

Current thread (0x0000000019cf6000):  JavaThread "C2 CompilerThread0" daemon [_thread_in_native, id=10328, stack(0x000000001a5c0000,0x000000001a6c0000)]

Stack: [0x000000001a5c0000,0x000000001a6c0000]
[error occurred during error reporting (printing stack bounds), id 0xc0000005]

Native frames: (J=compiled Java code, j=interpreted, Vv=VM code, C=native code)


Current CompileTask:
C2:   9812 5634       4       com.sun.beans.TypeResolver::resolve (37 bytes)


---------------  P R O C E S S  ---------------

Java Threads: ( => current thread )
  0x0000000021e63000 JavaThread "pool-1-thread-1" [_thread_blocked, id=19556, stack(0x000000002c390000,0x000000002c490000)]
  0x0000000021e65800 JavaThread "jar transforms Thread 92" [_thread_blocked, id=19544, stack(0x000000002c090000,0x000000002c190000)]
  0x0000000021e66000 JavaThread "jar transforms Thread 91" [_thread_blocked, id=19540, stack(0x000000002bf90000,0x000000002c090000)]
  0x0000000021e6a000 JavaThread "jar transforms Thread 90" [_thread_blocked, id=19536, stack(0x000000002be90000,0x000000002bf90000)]
  0x0000000021e62800 JavaThread "jar transforms Thread 89" [_thread_blocked, id=19532, stack(0x000000002bd90000,0x000000002be90000)]
  0x0000000021e69000 JavaThread "jar transforms Thread 88" [_thread_blocked, id=19528, stack(0x000000002bc90000,0x000000002bd90000)]
  0x0000000021e68800 JavaThread "jar transforms Thread 87" [_thread_blocked, id=19524, stack(0x000000002bb90000,0x000000002bc90000)]
  0x0000000021e67800 JavaThread "jar transforms Thread 86" [_thread_blocked, id=19520, stack(0x000000002ba90000,0x000000002bb90000)]
  0x00000000259da000 JavaThread "jar transforms Thread 85" [_thread_blocked, id=19516, stack(0x000000002b990000,0x000000002ba90000)]
  0x00000000259dc000 JavaThread "jar transforms Thread 84" [_thread_blocked, id=19512, stack(0x000000002b890000,0x000000002b990000)]
  0x00000000259d7000 JavaThread "jar transforms Thread 83" [_thread_blocked, id=19508, stack(0x000000002b790000,0x000000002b890000)]
  0x00000000259db800 JavaThread "jar transforms Thread 82" [_thread_blocked, id=19504, stack(0x000000002b690000,0x000000002b790000)]
  0x00000000259d8800 JavaThread "jar transforms Thread 81" [_thread_blocked, id=19500, stack(0x000000002b590000,0x000000002b690000)]
  0x00000000259dd000 JavaThread "jar transforms Thread 80" [_thread_blocked, id=19496, stack(0x000000002b490000,0x000000002b590000)]
  0x00000000259d7800 JavaThread "jar transforms Thread 79" [_thread_blocked, id=19492, stack(0x000000002b390000,0x000000002b490000)]
  0x00000000259d9000 JavaThread "jar transforms Thread 78" [_thread_blocked, id=19488, stack(0x000000002b290000,0x000000002b390000)]
  0x00000000259da800 JavaThread "jar transforms Thread 77" [_thread_blocked, id=19484, stack(0x000000002b190000,0x000000002b290000)]
  0x00000000259cf800 JavaThread "jar transforms Thread 76" [_thread_blocked, id=19480, stack(0x000000002b090000,0x000000002b190000)]
  0x00000000259d6000 JavaThread "jar transforms Thread 75" [_thread_blocked, id=19476, stack(0x000000002af90000,0x000000002b090000)]
  0x00000000259ce800 JavaThread "jar transforms Thread 74" [_thread_blocked, id=19472, stack(0x000000002ae90000,0x000000002af90000)]
  0x00000000259d5800 JavaThread "jar transforms Thread 73" [_thread_blocked, id=19468, stack(0x000000002ad90000,0x000000002ae90000)]
  0x00000000259d4800 JavaThread "jar transforms Thread 72" [_thread_blocked, id=19464, stack(0x000000002ac90000,0x000000002ad90000)]
  0x00000000259ce000 JavaThread "jar transforms Thread 71" [_thread_blocked, id=19460, stack(0x000000002ab90000,0x000000002ac90000)]
  0x00000000259d3000 JavaThread "jar transforms Thread 70" [_thread_blocked, id=12740, stack(0x000000002aa90000,0x000000002ab90000)]
  0x00000000259d1000 JavaThread "jar transforms Thread 69" [_thread_blocked, id=17544, stack(0x000000002a990000,0x000000002aa90000)]
  0x00000000259d0000 JavaThread "jar transforms Thread 68" [_thread_blocked, id=17548, stack(0x000000002a890000,0x000000002a990000)]
  0x00000000259d4000 JavaThread "jar transforms Thread 67" [_thread_blocked, id=9992, stack(0x000000002a790000,0x000000002a890000)]
  0x00000000259d1800 JavaThread "jar transforms Thread 66" [_thread_blocked, id=16092, stack(0x000000002a690000,0x000000002a790000)]
  0x00000000259d2800 JavaThread "jar transforms Thread 65" [_thread_blocked, id=14020, stack(0x000000002a590000,0x000000002a690000)]
  0x0000000025076800 JavaThread "jar transforms Thread 64" [_thread_blocked, id=9252, stack(0x000000002a490000,0x000000002a590000)]
  0x000000002507d000 JavaThread "jar transforms Thread 63" [_thread_blocked, id=19192, stack(0x000000002a390000,0x000000002a490000)]
  0x0000000025075800 JavaThread "jar transforms Thread 62" [_thread_blocked, id=2512, stack(0x000000002a290000,0x000000002a390000)]
  0x000000002507a000 JavaThread "jar transforms Thread 61" [_thread_blocked, id=1116, stack(0x000000002a190000,0x000000002a290000)]
  0x0000000025079800 JavaThread "jar transforms Thread 60" [_thread_blocked, id=4884, stack(0x000000002a090000,0x000000002a190000)]
  0x0000000025077000 JavaThread "jar transforms Thread 59" [_thread_blocked, id=7252, stack(0x0000000029f90000,0x000000002a090000)]
  0x000000002507b800 JavaThread "jar transforms Thread 58" [_thread_blocked, id=16916, stack(0x0000000029e90000,0x0000000029f90000)]
  0x0000000025078800 JavaThread "jar transforms Thread 57" [_thread_blocked, id=18564, stack(0x0000000029d90000,0x0000000029e90000)]
  0x000000002507c800 JavaThread "jar transforms Thread 56" [_thread_blocked, id=18488, stack(0x0000000029c90000,0x0000000029d90000)]
  0x000000002507b000 JavaThread "jar transforms Thread 55" [_thread_blocked, id=13160, stack(0x0000000029b90000,0x0000000029c90000)]
  0x0000000025078000 JavaThread "jar transforms Thread 54" [_thread_blocked, id=18604, stack(0x0000000029a90000,0x0000000029b90000)]
  0x000000002506e000 JavaThread "jar transforms Thread 53" [_thread_blocked, id=19036, stack(0x0000000029990000,0x0000000029a90000)]
  0x0000000025075000 JavaThread "jar transforms Thread 52" [_thread_blocked, id=15404, stack(0x0000000029890000,0x0000000029990000)]
  0x0000000025070800 JavaThread "jar transforms Thread 51" [_thread_blocked, id=7984, stack(0x0000000029790000,0x0000000029890000)]
  0x0000000025074000 JavaThread "jar transforms Thread 50" [_thread_blocked, id=15420, stack(0x0000000029690000,0x0000000029790000)]
  0x0000000025072800 JavaThread "jar transforms Thread 49" [_thread_blocked, id=2464, stack(0x0000000029590000,0x0000000029690000)]
  0x0000000025071000 JavaThread "jar transforms Thread 48" [_thread_blocked, id=18868, stack(0x0000000029490000,0x0000000029590000)]
  0x000000002506f000 JavaThread "jar transforms Thread 47" [_thread_blocked, id=18892, stack(0x0000000029390000,0x0000000029490000)]
  0x0000000025072000 JavaThread "jar transforms Thread 46" [_thread_blocked, id=17268, stack(0x0000000029290000,0x0000000029390000)]
  0x000000002506f800 JavaThread "jar transforms Thread 45" [_thread_blocked, id=5388, stack(0x0000000029190000,0x0000000029290000)]
  0x0000000025073800 JavaThread "jar transforms Thread 44" [_thread_blocked, id=17272, stack(0x0000000029090000,0x0000000029190000)]
  0x00000000222ce000 JavaThread "jar transforms Thread 43" [_thread_blocked, id=13692, stack(0x0000000028f90000,0x0000000029090000)]
  0x00000000222cd800 JavaThread "jar transforms Thread 42" [_thread_blocked, id=11288, stack(0x0000000028e90000,0x0000000028f90000)]
  0x00000000222cc800 JavaThread "jar transforms Thread 41" [_thread_blocked, id=18148, stack(0x0000000028d90000,0x0000000028e90000)]
  0x00000000222d3800 JavaThread "jar transforms Thread 40" [_thread_blocked, id=9404, stack(0x0000000028c90000,0x0000000028d90000)]
  0x00000000222cc000 JavaThread "jar transforms Thread 39" [_thread_blocked, id=812, stack(0x0000000028b90000,0x0000000028c90000)]
  0x00000000222d2800 JavaThread "jar transforms Thread 38" [_thread_blocked, id=1340, stack(0x0000000028a90000,0x0000000028b90000)]
  0x00000000222d2000 JavaThread "jar transforms Thread 37" [_thread_blocked, id=2812, stack(0x0000000028990000,0x0000000028a90000)]
  0x00000000222d1000 JavaThread "jar transforms Thread 36" [_thread_blocked, id=6608, stack(0x0000000028890000,0x0000000028990000)]
  0x00000000222d0800 JavaThread "jar transforms Thread 35" [_thread_blocked, id=3320, stack(0x0000000028790000,0x0000000028890000)]
  0x00000000222cf800 JavaThread "jar transforms Thread 34" [_thread_blocked, id=18632, stack(0x0000000028690000,0x0000000028790000)]
  0x00000000222cf000 JavaThread "jar transforms Thread 33" [_thread_blocked, id=18560, stack(0x0000000028590000,0x0000000028690000)]
  0x00000000222c4800 JavaThread "jar transforms Thread 32" [_thread_blocked, id=13080, stack(0x0000000028490000,0x0000000028590000)]
  0x00000000222cb000 JavaThread "jar transforms Thread 31" [_thread_blocked, id=12216, stack(0x0000000028390000,0x0000000028490000)]
  0x00000000222ca800 JavaThread "jar transforms Thread 30" [_thread_blocked, id=10568, stack(0x0000000028290000,0x0000000028390000)]
  0x00000000222c9800 JavaThread "jar transforms Thread 29" [_thread_blocked, id=7432, stack(0x0000000028190000,0x0000000028290000)]
  0x00000000222c9000 JavaThread "jar transforms Thread 28" [_thread_blocked, id=15920, stack(0x0000000028090000,0x0000000028190000)]
  0x00000000222c5000 JavaThread "jar transforms Thread 27" [_thread_blocked, id=8964, stack(0x0000000027f90000,0x0000000028090000)]
  0x00000000222c8000 JavaThread "jar transforms Thread 26" [_thread_blocked, id=17968, stack(0x0000000027e90000,0x0000000027f90000)]
  0x00000000222c7800 JavaThread "Build operations Thread 8" [_thread_blocked, id=9308, stack(0x0000000027d90000,0x0000000027e90000)]
  0x00000000222c6800 JavaThread "Build operations Thread 7" [_thread_blocked, id=13448, stack(0x0000000027c90000,0x0000000027d90000)]
  0x00000000222c6000 JavaThread "Build operations Thread 6" [_thread_blocked, id=17912, stack(0x0000000027b90000,0x0000000027c90000)]
  0x000000001f46e800 JavaThread "Build operations Thread 5" [_thread_blocked, id=17596, stack(0x0000000027a90000,0x0000000027b90000)]
  0x000000001f46f000 JavaThread "Build operations Thread 4" [_thread_blocked, id=16688, stack(0x0000000026700000,0x0000000026800000)]
  0x000000001f46d800 JavaThread "Build operations Thread 3" [_thread_blocked, id=18756, stack(0x00000000263c0000,0x00000000264c0000)]
  0x000000001f46d000 JavaThread "Build operations Thread 2" [_thread_blocked, id=8356, stack(0x00000000262c0000,0x00000000263c0000)]
  0x000000001f46c000 JavaThread "Build operations" [_thread_blocked, id=18876, stack(0x00000000261c0000,0x00000000262c0000)]
  0x000000001f464800 JavaThread "Cache worker for Build Output Cleanup Cache (C:\Users\prasa\AndroidStudioProjects\Mulitscreen\.gradle\buildOutputCleanup)" [_thread_blocked, id=7960, stack(0x00000000248e0000,0x00000000249e0000)]
  0x000000001f463000 JavaThread "Cache worker for file content cache (C:\Users\prasa\.gradle\caches\6.5\fileContent)" [_thread_blocked, id=18804, stack(0x00000000247e0000,0x00000000248e0000)]
  0x000000001f466000 JavaThread "Cache worker for execution history cache (C:\Users\prasa\.gradle\caches\6.5\executionHistory)" [_thread_blocked, id=14660, stack(0x00000000242e0000,0x00000000243e0000)]
  0x000000001f460000 JavaThread "Cache worker for cache directory md-rule (C:\Users\prasa\.gradle\caches\6.5\md-rule)" [_thread_blocked, id=18152, stack(0x0000000023fe0000,0x00000000240e0000)]
  0x000000001f467000 JavaThread "Cache worker for cache directory md-supplier (C:\Users\prasa\.gradle\caches\6.5\md-supplier)" [_thread_blocked, id=17432, stack(0x0000000023ee0000,0x0000000023fe0000)]
  0x000000001f461800 JavaThread "Cache worker for checksums cache (C:\Users\prasa\AndroidStudioProjects\Mulitscreen\.gradle\checksums)" [_thread_blocked, id=15788, stack(0x0000000023de0000,0x0000000023ee0000)]
  0x000000001f04d000 JavaThread "jar transforms Thread 25" [_thread_blocked, id=3248, stack(0x0000000023ae0000,0x0000000023be0000)]
  0x000000001f04f000 JavaThread "jar transforms Thread 24" [_thread_blocked, id=1464, stack(0x00000000239e0000,0x0000000023ae0000)]
  0x000000001f04b800 JavaThread "jar transforms Thread 23" [_thread_blocked, id=17444, stack(0x00000000238e0000,0x00000000239e0000)]
  0x000000001f04a800 JavaThread "jar transforms Thread 22" [_thread_blocked, id=1472, stack(0x00000000237e0000,0x00000000238e0000)]
  0x000000001f04c000 JavaThread "jar transforms Thread 21" [_thread_blocked, id=15996, stack(0x00000000236e0000,0x00000000237e0000)]
  0x000000001f04e800 JavaThread "jar transforms Thread 20" [_thread_blocked, id=7344, stack(0x00000000235e0000,0x00000000236e0000)]
  0x000000001f047800 JavaThread "jar transforms Thread 19" [_thread_blocked, id=19204, stack(0x00000000234e0000,0x00000000235e0000)]
  0x000000001f048800 JavaThread "jar transforms Thread 18" [_thread_blocked, id=6720, stack(0x00000000233e0000,0x00000000234e0000)]
  0x000000001f04a000 JavaThread "jar transforms Thread 17" [_thread_blocked, id=12928, stack(0x00000000232e0000,0x00000000233e0000)]
  0x000000001f049000 JavaThread "jar transforms Thread 16" [_thread_blocked, id=16288, stack(0x00000000231e0000,0x00000000232e0000)]
  0x000000001f04d800 JavaThread "jar transforms Thread 15" [_thread_blocked, id=17104, stack(0x00000000230e0000,0x00000000231e0000)]
  0x000000001f040000 JavaThread "jar transforms Thread 14" [_thread_blocked, id=7460, stack(0x0000000022ee0000,0x0000000022fe0000)]
  0x000000001f047000 JavaThread "jar transforms Thread 13" [_thread_blocked, id=18504, stack(0x0000000022de0000,0x0000000022ee0000)]
  0x000000001f045800 JavaThread "jar transforms Thread 12" [_thread_blocked, id=17392, stack(0x0000000022ce0000,0x0000000022de0000)]
  0x000000001f044800 JavaThread "jar transforms Thread 11" [_thread_blocked, id=17396, stack(0x0000000022be0000,0x0000000022ce0000)]
  0x000000001f041000 JavaThread "jar transforms Thread 10" [_thread_blocked, id=3424, stack(0x0000000022ae0000,0x0000000022be0000)]
  0x000000001f042800 JavaThread "jar transforms Thread 9" [_thread_blocked, id=18344, stack(0x00000000229e0000,0x0000000022ae0000)]
  0x000000001f043000 JavaThread "jar transforms Thread 8" [_thread_blocked, id=9080, stack(0x00000000228e0000,0x00000000229e0000)]
  0x000000001f046000 JavaThread "jar transforms Thread 7" [_thread_blocked, id=11704, stack(0x00000000227e0000,0x00000000228e0000)]
  0x000000001f044000 JavaThread "jar transforms Thread 6" [_thread_blocked, id=18856, stack(0x00000000226e0000,0x00000000227e0000)]
  0x000000001f041800 JavaThread "jar transforms Thread 5" [_thread_blocked, id=18848, stack(0x00000000225e0000,0x00000000226e0000)]
  0x0000000019cfa000 JavaThread "jar transforms Thread 4" [_thread_blocked, id=5244, stack(0x0000000021180000,0x0000000021280000)]
  0x0000000019cfb000 JavaThread "jar transforms Thread 3" [_thread_blocked, id=10796, stack(0x0000000021080000,0x0000000021180000)]
  0x0000000019cf9800 JavaThread "jar transforms Thread 2" [_thread_blocked, id=18620, stack(0x0000000020f80000,0x0000000021080000)]
  0x0000000019cf7000 JavaThread "jar transforms" [_thread_blocked, id=18976, stack(0x0000000020e80000,0x0000000020f80000)]
  0x0000000019cfe000 JavaThread "Cache worker for file hash cache (C:\Users\prasa\AndroidStudioProjects\Mulitscreen\.gradle\6.5\fileHashes)" [_thread_blocked, id=9696, stack(0x00000000224e0000,0x00000000225e0000)]
  0x0000000019cf8800 JavaThread "Cache worker for file hash cache (C:\Users\prasa\.gradle\caches\6.5\fileHashes)" [_thread_blocked, id=18904, stack(0x000000001ebe0000,0x000000001ece0000)]
  0x0000000019cfd000 JavaThread "File lock request listener" [_thread_in_native, id=17128, stack(0x000000001eae0000,0x000000001ebe0000)]
  0x0000000019e02000 JavaThread "Cache worker for journal cache (C:\Users\prasa\.gradle\caches\journal-1)" [_thread_blocked, id=16940, stack(0x000000001e9e0000,0x000000001eae0000)]
  0x000000001c889000 JavaThread "Thread-9" [_thread_blocked, id=18972, stack(0x000000001e6e0000,0x000000001e7e0000)]
  0x000000001c865000 JavaThread "Stdin handler" [_thread_blocked, id=18920, stack(0x000000001e5e0000,0x000000001e6e0000)]
  0x000000001c8cc000 JavaThread "Asynchronous log dispatcher for DefaultDaemonConnection: socket connection from /127.0.0.1:62829 to /127.0.0.1:62830" [_thread_blocked, id=18968, stack(0x000000001e4e0000,0x000000001e5e0000)]
  0x000000001c88d800 JavaThread "Daemon worker" [_thread_in_vm, id=17972, stack(0x000000001e3e0000,0x000000001e4e0000)]
  0x000000001c84d000 JavaThread "Cancel handler" [_thread_blocked, id=19212, stack(0x000000001e2e0000,0x000000001e3e0000)]
  0x000000001c823800 JavaThread "Handler for socket connection from /127.0.0.1:62829 to /127.0.0.1:62830" [_thread_in_native, id=18812, stack(0x000000001e1e0000,0x000000001e2e0000)]
  0x000000001c834000 JavaThread "Daemon" [_thread_blocked, id=18600, stack(0x000000001dee0000,0x000000001dfe0000)]
  0x000000001c844000 JavaThread "Daemon periodic checks" [_thread_blocked, id=18988, stack(0x000000001dde0000,0x000000001dee0000)]
  0x000000001c7c5000 JavaThread "Incoming local TCP Connector on port 62829" [_thread_in_native, id=6228, stack(0x000000001dba0000,0x000000001dca0000)]
  0x000000001c741000 JavaThread "Daemon health stats" [_thread_blocked, id=16744, stack(0x000000001d560000,0x000000001d660000)]
  0x0000000019d87000 JavaThread "Service Thread" daemon [_thread_blocked, id=2100, stack(0x000000001a9c0000,0x000000001aac0000)]
  0x0000000019cfc800 JavaThread "C1 CompilerThread3" daemon [_thread_blocked, id=11716, stack(0x000000001a8c0000,0x000000001a9c0000)]
  0x0000000019cf8000 JavaThread "C2 CompilerThread2" daemon [_thread_in_native, id=18872, stack(0x000000001a7c0000,0x000000001a8c0000)]
  0x0000000019cfb800 JavaThread "C2 CompilerThread1" daemon [_thread_in_native, id=8516, stack(0x000000001a6c0000,0x000000001a7c0000)]
=>0x0000000019cf6000 JavaThread "C2 CompilerThread0" daemon [_thread_in_native, id=10328, stack(0x000000001a5c0000,0x000000001a6c0000)]
  0x0000000019cf4000 JavaThread "Attach Listener" daemon [_thread_blocked, id=18436, stack(0x000000001a4c0000,0x000000001a5c0000)]
  0x0000000019cf3000 JavaThread "Signal Dispatcher" daemon [_thread_blocked, id=18460, stack(0x000000001a3c0000,0x000000001a4c0000)]
  0x0000000002e6e000 JavaThread "Finalizer" daemon [_thread_blocked, id=18472, stack(0x000000001a1c0000,0x000000001a2c0000)]
  0x0000000017edc000 JavaThread "Reference Handler" daemon [_thread_blocked, id=5284, stack(0x000000001a0c0000,0x000000001a1c0000)]
  0x0000000002bee000 JavaThread "main" [_thread_blocked, id=5852, stack(0x0000000002c70000,0x0000000002d70000)]

Other Threads:
  0x0000000017ed8000 VMThread [stack: 0x0000000019bc0000,0x0000000019cc0000] [id=164]
  0x0000000019d88000 WatcherThread [stack: 0x000000001aac0000,0x000000001abc0000] [id=16752]

VM state:not at safepoint (normal execution)

VM Mutex/Monitor currently owned by a thread: None

heap address: 0x0000000080000000, size: 2048 MB, Compressed Oops mode: 32-bit
Narrow klass base: 0x0000000000000000, Narrow klass shift: 3
Compressed class space size: 1073741824 Address: 0x0000000100000000

Heap:
 PSYoungGen      total 180224K, used 11876K [0x00000000d5580000, 0x00000000e2000000, 0x0000000100000000)
  eden space 169472K, 7% used [0x00000000d5580000,0x00000000d61193e0,0x00000000dfb00000)
  from space 10752K, 0% used [0x00000000e1580000,0x00000000e1580000,0x00000000e2000000)
  to   space 12800K, 0% used [0x00000000e0700000,0x00000000e0700000,0x00000000e1380000)
 ParOldGen       total 133632K, used 33614K [0x0000000080000000, 0x0000000088280000, 0x00000000d5580000)
  object space 133632K, 25% used [0x0000000080000000,0x00000000820d3ad8,0x0000000088280000)
 Metaspace       used 57606K, capacity 59938K, committed 60376K, reserved 1101824K
  class space    used 7587K, capacity 8085K, committed 8192K, reserved 1048576K

Card table byte_map: [0x0000000012230000,0x0000000012640000] byte_map_base: 0x0000000011e30000

Marking Bits: (ParMarkBitMap*) 0x000000005436f030
 Begin Bits: [0x00000000130f0000, 0x00000000150f0000)
 End Bits:   [0x00000000150f0000, 0x00000000170f0000)

Polling page: 0x0000000000f30000

CodeCache: size=245760Kb used=17951Kb max_used=17990Kb free=227808Kb
 bounds [0x0000000002e70000, 0x0000000004020000, 0x0000000011e70000]
 total_blobs=5919 nmethods=5128 adapters=703
 compilation: enabled

Compilation events (10 events):
Event: 9.797 Thread 0x0000000019cfc800 5756       1       org.gradle.api.internal.DefaultNamedDomainObjectCollection$AbstractNamedDomainObjectProvider::getName (5 bytes)
Event: 9.797 Thread 0x0000000019cfc800 nmethod 5756 0x00000000034ac110 code [0x00000000034ac260, 0x00000000034ac370]
Event: 9.797 Thread 0x0000000019cfc800 5757       3       org.gradle.api.internal.AbstractMutationGuard::withMutationDisabled (7 bytes)
Event: 9.798 Thread 0x0000000019cfc800 nmethod 5757 0x00000000034abcd0 code [0x00000000034abe40, 0x00000000034ac068]
Event: 9.799 Thread 0x0000000019cf8000 nmethod 5755 0x000000000307bdd0 code [0x000000000307bf60, 0x000000000307c468]
Event: 9.805 Thread 0x0000000019cfc800 5758       3       org.gradle.api.internal.provider.Providers::internal (8 bytes)
Event: 9.805 Thread 0x0000000019cfc800 nmethod 5758 0x00000000034ab810 code [0x00000000034ab980, 0x00000000034abc10]
Event: 9.807 Thread 0x0000000019cfc800 5759       1       org.gradle.api.internal.DefaultNamedDomainObjectCollection$AbstractNamedDomainObjectProvider::getType (5 bytes)
Event: 9.807 Thread 0x0000000019cfc800 nmethod 5759 0x00000000034ab550 code [0x00000000034ab6a0, 0x00000000034ab7b0]
Event: 9.811 Thread 0x0000000019cf8000 5760       4       java.net.URLClassLoader::isSealed (70 bytes)

GC Heap History (10 events):
Event: 5.093 GC heap before
{Heap before GC invocations=9 (full 2):
 PSYoungGen      total 117760K, used 6954K [0x00000000d5580000, 0x00000000e2180000, 0x0000000100000000)
  eden space 105472K, 0% used [0x00000000d5580000,0x00000000d5580000,0x00000000dbc80000)
  from space 12288K, 56% used [0x00000000dbc80000,0x00000000dc34a998,0x00000000dc880000)
  to   space 12288K, 0% used [0x00000000e1580000,0x00000000e1580000,0x00000000e2180000)
 ParOldGen       total 95744K, used 7183K [0x0000000080000000, 0x0000000085d80000, 0x00000000d5580000)
  object space 95744K, 7% used [0x0000000080000000,0x0000000080703f70,0x0000000085d80000)
 Metaspace       used 34165K, capacity 35322K, committed 35456K, reserved 1079296K
  class space    used 4615K, capacity 4918K, committed 4992K, reserved 1048576K
Event: 5.138 GC heap after
Heap after GC invocations=9 (full 2):
 PSYoungGen      total 117760K, used 0K [0x00000000d5580000, 0x00000000e2180000, 0x0000000100000000)
  eden space 105472K, 0% used [0x00000000d5580000,0x00000000d5580000,0x00000000dbc80000)
  from space 12288K, 0% used [0x00000000dbc80000,0x00000000dbc80000,0x00000000dc880000)
  to   space 12288K, 0% used [0x00000000e1580000,0x00000000e1580000,0x00000000e2180000)
 ParOldGen       total 133632K, used 13668K [0x0000000080000000, 0x0000000088280000, 0x00000000d5580000)
  object space 133632K, 10% used [0x0000000080000000,0x0000000080d59250,0x0000000088280000)
 Metaspace       used 34165K, capacity 35322K, committed 35456K, reserved 1079296K
  class space    used 4615K, capacity 4918K, committed 4992K, reserved 1048576K
}
Event: 6.208 GC heap before
{Heap before GC invocations=10 (full 2):
 PSYoungGen      total 117760K, used 105472K [0x00000000d5580000, 0x00000000e2180000, 0x0000000100000000)
  eden space 105472K, 100% used [0x00000000d5580000,0x00000000dbc80000,0x00000000dbc80000)
  from space 12288K, 0% used [0x00000000dbc80000,0x00000000dbc80000,0x00000000dc880000)
  to   space 12288K, 0% used [0x00000000e1580000,0x00000000e1580000,0x00000000e2180000)
 ParOldGen       total 133632K, used 13668K [0x0000000080000000, 0x0000000088280000, 0x00000000d5580000)
  object space 133632K, 10% used [0x0000000080000000,0x0000000080d59250,0x0000000088280000)
 Metaspace       used 40019K, capacity 41562K, committed 41600K, reserved 1085440K
  class space    used 5367K, capacity 5740K, committed 5760K, reserved 1048576K
Event: 6.219 GC heap after
Heap after GC invocations=10 (full 2):
 PSYoungGen      total 180224K, used 10543K [0x00000000d5580000, 0x00000000e2000000, 0x0000000100000000)
  eden space 169472K, 0% used [0x00000000d5580000,0x00000000d5580000,0x00000000dfb00000)
  from space 10752K, 98% used [0x00000000e1580000,0x00000000e1fcbf30,0x00000000e2000000)
  to   space 12800K, 0% used [0x00000000e0700000,0x00000000e0700000,0x00000000e1380000)
 ParOldGen       total 133632K, used 13676K [0x0000000080000000, 0x0000000088280000, 0x00000000d5580000)
  object space 133632K, 10% used [0x0000000080000000,0x0000000080d5b250,0x0000000088280000)
 Metaspace       used 40019K, capacity 41562K, committed 41600K, reserved 1085440K
  class space    used 5367K, capacity 5740K, committed 5760K, reserved 1048576K
}
Event: 8.384 GC heap before
{Heap before GC invocations=11 (full 2):
 PSYoungGen      total 180224K, used 180015K [0x00000000d5580000, 0x00000000e2000000, 0x0000000100000000)
  eden space 169472K, 100% used [0x00000000d5580000,0x00000000dfb00000,0x00000000dfb00000)
  from space 10752K, 98% used [0x00000000e1580000,0x00000000e1fcbf30,0x00000000e2000000)
  to   space 12800K, 0% used [0x00000000e0700000,0x00000000e0700000,0x00000000e1380000)
 ParOldGen       total 133632K, used 13676K [0x0000000080000000, 0x0000000088280000, 0x00000000d5580000)
  object space 133632K, 10% used [0x0000000080000000,0x0000000080d5b250,0x0000000088280000)
 Metaspace       used 50871K, capacity 53066K, committed 53376K, reserved 1095680K
  class space    used 6739K, capacity 7194K, committed 7296K, reserved 1048576K
Event: 8.400 GC heap after
Heap after GC invocations=11 (full 2):
 PSYoungGen      total 182272K, used 12772K [0x00000000d5580000, 0x00000000e2000000, 0x0000000100000000)
  eden space 169472K, 0% used [0x00000000d5580000,0x00000000d5580000,0x00000000dfb00000)
  from space 12800K, 99% used [0x00000000e0700000,0x00000000e1379310,0x00000000e1380000)
  to   space 10752K, 0% used [0x00000000e1580000,0x00000000e1580000,0x00000000e2000000)
 ParOldGen       total 133632K, used 21448K [0x0000000080000000, 0x0000000088280000, 0x00000000d5580000)
  object space 133632K, 16% used [0x0000000080000000,0x00000000814f2278,0x0000000088280000)
 Metaspace       used 50871K, capacity 53066K, committed 53376K, reserved 1095680K
  class space    used 6739K, capacity 7194K, committed 7296K, reserved 1048576K
}
Event: 9.418 GC heap before
{Heap before GC invocations=12 (full 2):
 PSYoungGen      total 182272K, used 92985K [0x00000000d5580000, 0x00000000e2000000, 0x0000000100000000)
  eden space 169472K, 47% used [0x00000000d5580000,0x00000000da3d5250,0x00000000dfb00000)
  from space 12800K, 99% used [0x00000000e0700000,0x00000000e1379310,0x00000000e1380000)
  to   space 10752K, 0% used [0x00000000e1580000,0x00000000e1580000,0x00000000e2000000)
 ParOldGen       total 133632K, used 21448K [0x0000000080000000, 0x0000000088280000, 0x00000000d5580000)
  object space 133632K, 16% used [0x0000000080000000,0x00000000814f2278,0x0000000088280000)
 Metaspace       used 56590K, capacity 59060K, committed 59096K, reserved 1099776K
  class space    used 7426K, capacity 7905K, committed 7936K, reserved 1048576K
Event: 9.433 GC heap after
Heap after GC invocations=12 (full 2):
 PSYoungGen      total 180224K, used 10724K [0x00000000d5580000, 0x00000000e2000000, 0x0000000100000000)
  eden space 169472K, 0% used [0x00000000d5580000,0x00000000d5580000,0x00000000dfb00000)
  from space 10752K, 99% used [0x00000000e1580000,0x00000000e1ff9320,0x00000000e2000000)
  to   space 12800K, 0% used [0x00000000e0700000,0x00000000e0700000,0x00000000e1380000)
 ParOldGen       total 133632K, used 32317K [0x0000000080000000, 0x0000000088280000, 0x00000000d5580000)
  object space 133632K, 24% used [0x0000000080000000,0x0000000081f8f708,0x0000000088280000)
 Metaspace       used 56590K, capacity 59060K, committed 59096K, reserved 1099776K
  class space    used 7426K, capacity 7905K, committed 7936K, reserved 1048576K
}
Event: 9.433 GC heap before
{Heap before GC invocations=13 (full 3):
 PSYoungGen      total 180224K, used 10724K [0x00000000d5580000, 0x00000000e2000000, 0x0000000100000000)
  eden space 169472K, 0% used [0x00000000d5580000,0x00000000d5580000,0x00000000dfb00000)
  from space 10752K, 99% used [0x00000000e1580000,0x00000000e1ff9320,0x00000000e2000000)
  to   space 12800K, 0% used [0x00000000e0700000,0x00000000e0700000,0x00000000e1380000)
 ParOldGen       total 133632K, used 32317K [0x0000000080000000, 0x0000000088280000, 0x00000000d5580000)
  object space 133632K, 24% used [0x0000000080000000,0x0000000081f8f708,0x0000000088280000)
 Metaspace       used 56590K, capacity 59060K, committed 59096K, reserved 1099776K
  class space    used 7426K, capacity 7905K, committed 7936K, reserved 1048576K
Event: 9.621 GC heap after
Heap after GC invocations=13 (full 3):
 PSYoungGen      total 180224K, used 0K [0x00000000d5580000, 0x00000000e2000000, 0x0000000100000000)
  eden space 169472K, 0% used [0x00000000d5580000,0x00000000d5580000,0x00000000dfb00000)
  from space 10752K, 0% used [0x00000000e1580000,0x00000000e1580000,0x00000000e2000000)
  to   space 12800K, 0% used [0x00000000e0700000,0x00000000e0700000,0x00000000e1380000)
 ParOldGen       total 133632K, used 33614K [0x0000000080000000, 0x0000000088280000, 0x00000000d5580000)
  object space 133632K, 25% used [0x0000000080000000,0x00000000820d3ad8,0x0000000088280000)
 Metaspace       used 56463K, capacity 58712K, committed 59096K, reserved 1099776K
  class space    used 7390K, capacity 7856K, committed 7936K, reserved 1048576K
}

Deoptimization events (10 events):
Event: 8.419 Thread 0x000000001c88d800 Uncommon trap: reason=bimorphic action=maybe_recompile pc=0x0000000003ba4a60 method=java.util.regex.Pattern$CharProperty.match(Ljava/util/regex/Matcher;ILjava/lang/CharSequence;)Z @ 18
Event: 8.419 Thread 0x000000001c88d800 Uncommon trap: reason=bimorphic action=maybe_recompile pc=0x0000000003ba4a60 method=java.util.regex.Pattern$CharProperty.match(Ljava/util/regex/Matcher;ILjava/lang/CharSequence;)Z @ 18
Event: 8.433 Thread 0x000000001c88d800 Uncommon trap: reason=bimorphic action=maybe_recompile pc=0x0000000003ba4a60 method=java.util.regex.Pattern$CharProperty.match(Ljava/util/regex/Matcher;ILjava/lang/CharSequence;)Z @ 18
Event: 8.552 Thread 0x000000001c88d800 Uncommon trap: reason=unstable_if action=reinterpret pc=0x0000000003232930 method=org.gradle.internal.reflect.PropertyAccessorType.of(Ljava/lang/reflect/Method;)Lorg/gradle/internal/reflect/PropertyAccessorType; @ 56
Event: 8.820 Thread 0x000000001c88d800 Uncommon trap: reason=unstable_if action=reinterpret pc=0x0000000003e868e0 method=java.util.regex.Pattern.closure(Ljava/util/regex/Pattern$Node;)Ljava/util/regex/Pattern$Node; @ 77
Event: 8.972 Thread 0x000000001c88d800 Uncommon trap: reason=unstable_if action=reinterpret pc=0x0000000003ec9e34 method=com.sun.org.apache.xerces.internal.impl.XMLEntityScanner.checkBeforeLoad(Lcom/sun/xml/internal/stream/Entity$ScannedEntity;II)I @ 18
Event: 9.079 Thread 0x000000001c88d800 Uncommon trap: reason=unstable_if action=reinterpret pc=0x000000000308c7f8 method=org.gradle.internal.instantiation.generator.AbstractClassGenerator$InjectionAnnotationValidator.validateMethod(Ljava/lang/reflect/Method;Lorg/gradle/internal/reflect/Propert
Event: 9.079 Thread 0x000000001c88d800 Uncommon trap: reason=unstable_if action=reinterpret pc=0x0000000003e0e6f8 method=org.gradle.internal.instantiation.generator.AbstractClassGenerator$InjectionAnnotationValidator.validateMethod(Ljava/lang/reflect/Method;Lorg/gradle/internal/reflect/Propert
Event: 9.257 Thread 0x000000001c88d800 Uncommon trap: reason=null_check action=make_not_entrant pc=0x000000000368d160 method=java.lang.Class.searchMethods([Ljava/lang/reflect/Method;Ljava/lang/String;[Ljava/lang/Class;)Ljava/lang/reflect/Method; @ 59
Event: 9.312 Thread 0x000000001c88d800 Uncommon trap: reason=unstable_if action=reinterpret pc=0x0000000003fa0b4c method=groovy.lang.MetaClassImpl.filterPropertyMethod(Ljava/lang/Object;ZZ)Ljava/lang/Object; @ 72

Classes redefined (0 events):
No events

Internal exceptions (10 events):
Event: 9.316 Thread 0x000000001c88d800 Exception <a 'java/lang/ClassNotFoundException': build_ccq2fa90f9rk4h4htnfdbyjwo$_run_closure1BeanInfo> (0x00000000d98a8950) thrown at [C:\src\AOSP-openjdk-git\hotspot\src\share\vm\classfile\systemDictionary.cpp, line 210]
Event: 9.316 Thread 0x000000001c88d800 Exception <a 'java/lang/ClassNotFoundException': build_ccq2fa90f9rk4h4htnfdbyjwo$_run_closure1Customizer> (0x00000000d98b96b8) thrown at [C:\src\AOSP-openjdk-git\hotspot\src\share\vm\classfile\systemDictionary.cpp, line 210]
Event: 9.320 Thread 0x000000001c88d800 Exception <a 'java/lang/ClassNotFoundException': org/gradle/api/JavaVersionBeanInfo> (0x00000000d99255a8) thrown at [C:\src\AOSP-openjdk-git\hotspot\src\share\vm\classfile\systemDictionary.cpp, line 210]
Event: 9.320 Thread 0x000000001c88d800 Exception <a 'java/lang/ClassNotFoundException': java/lang/EnumBeanInfo> (0x00000000d992f3f8) thrown at [C:\src\AOSP-openjdk-git\hotspot\src\share\vm\classfile\systemDictionary.cpp, line 210]
Event: 9.320 Thread 0x000000001c88d800 Exception <a 'java/lang/ClassNotFoundException': java/lang/EnumCustomizer> (0x00000000d99396a0) thrown at [C:\src\AOSP-openjdk-git\hotspot\src\share\vm\classfile\systemDictionary.cpp, line 210]
Event: 9.321 Thread 0x000000001c88d800 Exception <a 'java/lang/ClassNotFoundException': org/gradle/api/JavaVersionCustomizer> (0x00000000d996e6d8) thrown at [C:\src\AOSP-openjdk-git\hotspot\src\share\vm\classfile\systemDictionary.cpp, line 210]
Event: 9.323 Thread 0x000000001c88d800 Exception <a 'java/lang/ClassNotFoundException': com/android/build/gradle/internal/CompileOptions_DecoratedBeanInfo> (0x00000000d99ceb68) thrown at [C:\src\AOSP-openjdk-git\hotspot\src\share\vm\classfile\systemDictionary.cpp, line 210]
Event: 9.323 Thread 0x000000001c88d800 Exception <a 'java/lang/ClassNotFoundException': com/android/build/gradle/internal/CompileOptionsBeanInfo> (0x00000000d99e9da8) thrown at [C:\src\AOSP-openjdk-git\hotspot\src\share\vm\classfile\systemDictionary.cpp, line 210]
Event: 9.323 Thread 0x000000001c88d800 Exception <a 'java/lang/ClassNotFoundException': com/android/build/gradle/internal/CompileOptionsCustomizer> (0x00000000d9a051e0) thrown at [C:\src\AOSP-openjdk-git\hotspot\src\share\vm\classfile\systemDictionary.cpp, line 210]
Event: 9.324 Thread 0x000000001c88d800 Exception <a 'java/lang/ClassNotFoundException': com/android/build/gradle/internal/CompileOptions_DecoratedCustomizer> (0x00000000d9a35e00) thrown at [C:\src\AOSP-openjdk-git\hotspot\src\share\vm\classfile\systemDictionary.cpp, line 210]

Events (10 events):
Event: 9.810 loading class com/android/build/api/artifact/impl/InAndOutDirectoryOperationRequestImpl
Event: 9.810 loading class com/android/build/api/artifact/impl/InAndOutDirectoryOperationRequestImpl done
Event: 9.810 loading class com/android/build/api/artifact/InAndOutDirectoryOperationRequest
Event: 9.810 loading class com/android/build/api/artifact/InAndOutDirectoryOperationRequest done
Event: 9.811 loading class com/android/build/api/artifact/impl/InAndOutDirectoryOperationRequestImpl$Companion
Event: 9.811 loading class com/android/build/api/artifact/impl/InAndOutDirectoryOperationRequestImpl$Companion done
Event: 9.811 loading class com/android/build/gradle/internal/scope/InternalArtifactType$MERGED_MANIFESTS
Event: 9.811 loading class com/android/build/gradle/internal/scope/InternalArtifactType$MERGED_MANIFESTS done
Event: 9.811 loading class com/android/build/gradle/internal/scope/InternalArtifactType$INSTANT_APP_MANIFEST
Event: 9.811 loading class com/android/build/gradle/internal/scope/InternalArtifactType$INSTANT_APP_MANIFEST done


Dynamic libraries:
0x00007ff6275e0000 - 0x00007ff627611000 	C:\Program Files\Android\Android Studio\jre\bin\java.exe
0x00007ffd9ca10000 - 0x00007ffd9cc06000 	C:\Windows\SYSTEM32\ntdll.dll
0x00007ffd9bef0000 - 0x00007ffd9bfad000 	C:\Windows\System32\KERNEL32.DLL
0x00007ffd9a150000 - 0x00007ffd9a419000 	C:\Windows\System32\KERNELBASE.dll
0x00007ffd9bd60000 - 0x00007ffd9be0c000 	C:\Windows\System32\ADVAPI32.dll
0x00007ffd9c5b0000 - 0x00007ffd9c64e000 	C:\Windows\System32\msvcrt.dll
0x00007ffd9b030000 - 0x00007ffd9b0cc000 	C:\Windows\System32\sechost.dll
0x00007ffd9b130000 - 0x00007ffd9b25b000 	C:\Windows\System32\RPCRT4.dll
0x00007ffd9b2d0000 - 0x00007ffd9b470000 	C:\Windows\System32\USER32.dll
0x00007ffd9a420000 - 0x00007ffd9a442000 	C:\Windows\System32\win32u.dll
0x00007ffd9b470000 - 0x00007ffd9b49a000 	C:\Windows\System32\GDI32.dll
0x00007ffd9a8b0000 - 0x00007ffd9a9b9000 	C:\Windows\System32\gdi32full.dll
0x00007ffd9a780000 - 0x00007ffd9a81d000 	C:\Windows\System32\msvcp_win.dll
0x00007ffd9a5b0000 - 0x00007ffd9a6b0000 	C:\Windows\System32\ucrtbase.dll
0x00007ffd85750000 - 0x00007ffd859eb000 	C:\Windows\WinSxS\amd64_microsoft.windows.common-controls_6595b64144ccf1df_6.0.19041.488_none_ca04af081b815d21\COMCTL32.dll
0x00007ffd9add0000 - 0x00007ffd9ae00000 	C:\Windows\System32\IMM32.DLL
0x0000000053050000 - 0x0000000053122000 	C:\Program Files\Android\Android Studio\jre\jre\bin\msvcr100.dll
0x0000000053ba0000 - 0x00000000543eb000 	C:\Program Files\Android\Android Studio\jre\jre\bin\server\jvm.dll
0x00007ffd9c9c0000 - 0x00007ffd9c9c8000 	C:\Windows\System32\PSAPI.DLL
0x00007ffd7d670000 - 0x00007ffd7d679000 	C:\Windows\SYSTEM32\WSOCK32.dll
0x00007ffd93840000 - 0x00007ffd9384a000 	C:\Windows\SYSTEM32\VERSION.dll
0x00007ffd86d40000 - 0x00007ffd86d67000 	C:\Windows\SYSTEM32\WINMM.dll
0x00007ffd9b260000 - 0x00007ffd9b2cb000 	C:\Windows\System32\WS2_32.dll
0x00007ffd95590000 - 0x00007ffd9559f000 	C:\Program Files\Android\Android Studio\jre\jre\bin\verify.dll
0x00007ffd94e60000 - 0x00007ffd94e89000 	C:\Program Files\Android\Android Studio\jre\jre\bin\java.dll
0x00007ffd954e0000 - 0x00007ffd954f6000 	C:\Program Files\Android\Android Studio\jre\jre\bin\zip.dll
0x00007ffd9b4a0000 - 0x00007ffd9bbe2000 	C:\Windows\System32\SHELL32.dll
0x00007ffd98280000 - 0x00007ffd98a15000 	C:\Windows\SYSTEM32\windows.storage.dll
0x00007ffd9aa70000 - 0x00007ffd9adc6000 	C:\Windows\System32\combase.dll
0x00007ffd99bc0000 - 0x00007ffd99bec000 	C:\Windows\SYSTEM32\Wldp.dll
0x00007ffd9bcb0000 - 0x00007ffd9bd5e000 	C:\Windows\System32\SHCORE.dll
0x00007ffd9c950000 - 0x00007ffd9c9a5000 	C:\Windows\System32\shlwapi.dll
0x00007ffd9a080000 - 0x00007ffd9a0a6000 	C:\Windows\SYSTEM32\profapi.dll
0x00007ffd946d0000 - 0x00007ffd946ea000 	C:\Program Files\Android\Android Studio\jre\jre\bin\net.dll
0x00007ffd99940000 - 0x00007ffd999aa000 	C:\Windows\system32\mswsock.dll
0x00007ffd94470000 - 0x00007ffd94483000 	C:\Program Files\Android\Android Studio\jre\jre\bin\nio.dll
0x00007ffd929e0000 - 0x00007ffd92a07000 	C:\Users\prasa\.gradle\native\f6784746aeab05261644944871eae4fe03e0ef1612fff0a4a95f87b438bc6780\windows-amd64\native-platform.dll
0x00007ffd95560000 - 0x00007ffd9556d000 	C:\Program Files\Android\Android Studio\jre\jre\bin\management.dll
0x00007ffd99b10000 - 0x00007ffd99b28000 	C:\Windows\SYSTEM32\CRYPTSP.dll
0x00007ffd99260000 - 0x00007ffd99294000 	C:\Windows\system32\rsaenh.dll
0x00007ffd9a880000 - 0x00007ffd9a8a7000 	C:\Windows\System32\bcrypt.dll
0x00007ffd9a040000 - 0x00007ffd9a06e000 	C:\Windows\SYSTEM32\USERENV.dll
0x00007ffd9a700000 - 0x00007ffd9a780000 	C:\Windows\System32\bcryptprimitives.dll
0x00007ffd99b30000 - 0x00007ffd99b3c000 	C:\Windows\SYSTEM32\CRYPTBASE.dll
0x00007ffd995e0000 - 0x00007ffd9961b000 	C:\Windows\SYSTEM32\IPHLPAPI.DLL
0x00007ffd9c9b0000 - 0x00007ffd9c9b8000 	C:\Windows\System32\NSI.dll
0x00007ffd93620000 - 0x00007ffd93637000 	C:\Windows\SYSTEM32\dhcpcsvc6.DLL
0x00007ffd93600000 - 0x00007ffd9361d000 	C:\Windows\SYSTEM32\dhcpcsvc.DLL
0x00007ffd99620000 - 0x00007ffd996eb000 	C:\Windows\SYSTEM32\DNSAPI.dll
0x00007ffd93640000 - 0x00007ffd9364b000 	C:\Windows\SYSTEM32\WINNSI.DLL

VM Arguments:
jvm_args: -Xmx2048m -Dfile.encoding=UTF-8 -Duser.country=US -Duser.language=en -Duser.variant 
java_command: org.gradle.launcher.daemon.bootstrap.GradleDaemon 6.5
java_class_path (initial): C:\Users\prasa\.gradle\wrapper\dists\gradle-6.5-bin\6nifqtx7604sqp1q6g8wikw7p\gradle-6.5\lib\gradle-launcher-6.5.jar
Launcher Type: SUN_STANDARD

Environment Variables:
JAVA_HOME=C:\Program Files\Java\jdk-15.0.1
PATH=D:\Oracle\bin;C:\Windows\system32;C:\Windows;C:\Windows\System32\Wbem;C:\Windows\System32\WindowsPowerShell\v1.0\;C:\Windows\System32\OpenSSH\;C:\Program Files\Java\jdk-15.0.1\bin;C:\Users\prasa\AppData\Local\Microsoft\WindowsApps;
USERNAME=prasa
OS=Windows_NT
PROCESSOR_IDENTIFIER=Intel64 Family 6 Model 142 Stepping 10, GenuineIntel



---------------  S Y S T E M  ---------------

OS: Windows 10.0 , 64 bit Build 19041 (10.0.19041.662)

CPU:total 8 (initial active 8) (4 cores per cpu, 2 threads per core) family 6 model 142 stepping 10, cmov, cx8, fxsr, mmx, sse, sse2, sse3, ssse3, sse4.1, sse4.2, popcnt, avx, avx2, aes, clmul, erms, 3dnowpref, lzcnt, ht, tsc, tscinvbit, bmi1, bmi2, adx

Memory: 4k page, physical 16690192k(1900180k free), swap 47121548k(6908k free)

vm_info: OpenJDK 64-Bit Server VM (25.242-b01) for windows-amd64 JRE (1.8.0_242-release-1644-b01), built by "builder" with MS VC++ 10.0 (VS2010)

time: Sun Dec 27 17:29:43 2020
timezone: India Standard Time
elapsed time: 9 seconds (0d 0h 0m 9s)

